<?xml version="1.0" encoding="utf-8"?><testsuites name="pytest tests"><testsuite name="pytest" errors="0" failures="0" skipped="0" tests="12" time="15.069" timestamp="2026-06-26T09:42:45.516439+00:00" hostname="agent-env-c0a63b86-8e2e-458a-a5df-c7c38fa94b87"><testcase classname="tests.test_bugfixes.TestUploads" name="test_upload_without_auth_returns_401" time="0.165" /><testcase classname="tests.test_bugfixes.TestOtpRegistration" name="test_send_otp_returns_dev_otp_fallback" time="4.493" /><testcase classname="tests.test_bugfixes.TestUploads" name="test_upload_png_as_retailer" time="0.490" /><testcase classname="tests.test_bugfixes.TestUploads" name="test_upload_rejects_unsupported_extension" time="0.096" /><testcase classname="tests.test_bugfixes.TestUploads" name="test_upload_rejects_txt" time="0.099" /><testcase classname="tests.test_bugfixes.TestSettingsPersistence" name="test_get_settings" time="0.420" /><testcase classname="tests.test_bugfixes.TestSettingsPersistence" name="test_put_ftp_only_does_not_wipe_smtp" time="0.311" /><testcase classname="tests.test_bugfixes.TestTickets" name="test_admin_cannot_create_ticket" time="0.095" /><testcase classname="tests.test_bugfixes.TestTickets" name="test_retailer_can_create_ticket" time="0.090" /><testcase classname="tests.test_bugfixes.TestPanWithDocs" name="test_pan_submit_with_uploaded_docs_debits_wallet" time="0.593" /><testcase classname="tests.test_bugfixes.TestOtpRegistration" name="test_register_with_valid_otp_succeeds" time="5.431" /><testcase classname="tests.test_bugfixes.TestOtpRegistration" name="test_register_with_wrong_otp_returns_400" time="4.613" /></testsuite></testsuites>