<?xml version="1.0" encoding="utf-8"?><testsuites name="pytest tests"><testsuite name="pytest" errors="0" failures="0" skipped="0" tests="13" time="3.787" timestamp="2026-06-26T13:32:02.026515+00:00" hostname="agent-env-c0a63b86-8e2e-458a-a5df-c7c38fa94b87"><testcase classname="tests.test_dev_console.TestDevLogin" name="test_dev_login_success" time="0.268" /><testcase classname="tests.test_dev_console.TestDevAuthIsolation" name="test_get_dev_admin_no_token_401" time="0.265" /><testcase classname="tests.test_dev_console.TestDevLogin" name="test_dev_login_wrong_password" time="0.162" /><testcase classname="tests.test_dev_console.TestDevLogin" name="test_dev_login_wrong_username" time="0.236" /><testcase classname="tests.test_dev_console.TestDevAuthIsolation" name="test_get_dev_admin_with_user_token_403" time="0.544" /><testcase classname="tests.test_dev_console.TestDevValidation" name="test_empty_user_id_returns_400" time="0.258" /><testcase classname="tests.test_dev_console.TestDevValidation" name="test_short_password_returns_400" time="0.136" /><testcase classname="tests.test_dev_console.TestDevAuthIsolation" name="test_dev_token_cannot_access_admin_endpoint" time="0.250" /><testcase classname="tests.test_dev_console.TestDevAuthIsolation" name="test_dev_token_cannot_access_auth_me" time="0.147" /><testcase classname="tests.test_dev_console.TestDevValidation" name="test_collision_with_existing_user_returns_400" time="0.145" /><testcase classname="tests.test_dev_console.TestDevGetAdmin" name="test_get_admin_returns_current_user_id" time="0.323" /><testcase classname="tests.test_dev_console.TestChangeAdminCreds" name="test_full_rotation_and_restore" time="2.059" /><testcase classname="tests.test_dev_console.TestRegression" name="test_admin_login_still_works" time="0.317" /></testsuite></testsuites>