<?xml version="1.0" encoding="utf-8"?><testsuites name="pytest tests"><testsuite name="pytest" errors="0" failures="1" skipped="0" tests="48" time="20.688" timestamp="2026-06-26T09:43:06.099240+00:00" hostname="agent-env-c0a63b86-8e2e-458a-a5df-c7c38fa94b87"><testcase classname="tests.test_backend_api.TestAuth" name="test_admin_login" time="0.603" /><testcase classname="tests.test_backend_api.TestUsers" name="test_admin_list_sd" time="0.609" /><testcase classname="tests.test_backend_api.TestAuth" name="test_retailer_login" time="0.320" /><testcase classname="tests.test_backend_api.TestAuth" name="test_blocked_user" time="0.503" /><testcase classname="tests.test_backend_api.TestUsers" name="test_sd_sees_downline" time="0.820" /><testcase classname="tests.test_backend_api.TestAuth" name="test_pending_user" time="0.316" /><testcase classname="tests.test_backend_api.TestAuth" name="test_invalid_password" time="0.505" /><testcase classname="tests.test_backend_api.TestUsers" name="test_dt_sees_retailers" time="0.821" /><testcase classname="tests.test_backend_api.TestUsers" name="test_create_user_admin" time="0.574" /><testcase classname="tests.test_backend_api.TestAuth" name="test_me" time="0.572" /><testcase classname="tests.test_backend_api.TestUsers" name="test_create_user_forbidden_role" time="0.312" /><testcase classname="tests.test_backend_api.TestSettings" name="test_admin_full_settings" time="0.637" /><testcase classname="tests.test_backend_api.TestUsers" name="test_toggle_block_and_delete" time="0.530" /><testcase classname="tests.test_backend_api.TestSettings" name="test_non_admin_only_pricing" time="0.091" /><testcase classname="tests.test_backend_api.TestSettings" name="test_update_pricing_and_new_price_debit" time="0.779" /><testcase classname="tests.test_bugfixes.TestUploads" name="test_upload_without_auth_returns_401" time="0.151" /><testcase classname="tests.test_bugfixes.TestUploads" name="test_upload_png_as_retailer" time="0.426" /><testcase classname="tests.test_bugfixes.TestUploads" name="test_upload_rejects_unsupported_extension" time="0.094" /><testcase classname="tests.test_backend_api.TestSettings" name="test_retailer_cant_update_settings" time="0.103" /><testcase classname="tests.test_bugfixes.TestUploads" name="test_upload_rejects_txt" time="0.099" /><testcase classname="tests.test_backend_api.TestMeta" name="test_states" time="0.096" /><testcase classname="tests.test_backend_api.TestMeta" name="test_cities" time="0.246" /><testcase classname="tests.test_backend_api.TestMeta" name="test_ao_codes" time="0.098" /><testcase classname="tests.test_backend_api.TestPan" name="test_submit_pan_and_wallet_debit" time="0.654" /><testcase classname="tests.test_backend_api.TestWallet" name="test_recharge_request_and_review" time="0.419"><failure message="assert 393.0 == 500.0&#10; +  where 393.0 = round((3591.0 - 3198.0), 2)">E   assert 393.0 == 500.0
     +  where 393.0 = round((3591.0 - 3198.0), 2)</failure></testcase><testcase classname="tests.test_backend_api.TestPan" name="test_admin_review_pan_requires_receipt" time="0.380" /><testcase classname="tests.test_backend_api.TestWallet" name="test_admin_lists_all" time="0.099" /><testcase classname="tests.test_backend_api.TestWallet" name="test_retailer_cant_review_recharge" time="0.097" /><testcase classname="tests.test_backend_api.TestPan" name="test_retailer_cant_review" time="0.100" /><testcase classname="tests.test_backend_api.TestRegistration" name="test_send_otp_and_register" time="4.970" /><testcase classname="tests.test_bugfixes.TestOtpRegistration" name="test_send_otp_returns_dev_otp_fallback" time="4.314" /><testcase classname="tests.test_bugfixes.TestOtpRegistration" name="test_register_with_valid_otp_succeeds" time="5.482" /><testcase classname="tests.test_backend_api.TestRegistration" name="test_register_invalid_otp" time="4.421" /><testcase classname="tests.test_backend_api.TestDashboard" name="test_admin_stats" time="0.090" /><testcase classname="tests.test_backend_api.TestDashboard" name="test_retailer_stats" time="0.278" /><testcase classname="tests.test_backend_api.TestAudit" name="test_admin_audit_logs" time="0.123" /><testcase classname="tests.test_bugfixes.TestOtpRegistration" name="test_register_with_wrong_otp_returns_400" time="4.607" /><testcase classname="tests.test_backend_api.TestAudit" name="test_retailer_audit_forbidden" time="0.097" /><testcase classname="tests.test_bugfixes.TestSettingsPersistence" name="test_get_settings" time="0.402" /><testcase classname="tests.test_bugfixes.TestSettingsPersistence" name="test_put_ftp_only_does_not_wipe_smtp" time="0.305" /><testcase classname="tests.test_bugfixes.TestTickets" name="test_admin_cannot_create_ticket" time="0.090" /><testcase classname="tests.test_bugfixes.TestTickets" name="test_retailer_can_create_ticket" time="0.420" /><testcase classname="tests.test_backend_api.TestTickets" name="test_create_list_reply_resolve" time="0.500" /><testcase classname="tests.test_backend_api.TestNotifications" name="test_notifications" time="0.088" /><testcase classname="tests.test_backend_api.TestInsufficient" name="test_insufficient_balance" time="0.731" /><testcase classname="tests.test_bugfixes.TestPanWithDocs" name="test_pan_submit_with_uploaded_docs_debits_wallet" time="0.943" /><testcase classname="tests.test_backend_api.TestRegistrationsReview" name="test_list_registrations" time="0.093" /><testcase classname="tests.test_backend_api.TestRegistrationsReview" name="test_retailer_forbidden" time="0.100" /></testsuite></testsuites>