<?xml version="1.0" encoding="utf-8"?><testsuites name="pytest tests"><testsuite name="pytest" errors="0" failures="0" skipped="0" tests="6" time="3.264" timestamp="2026-06-29T08:40:07.723067+00:00" hostname="agent-env-c0a63b86-8e2e-458a-a5df-c7c38fa94b87"><testcase classname="tests.test_iteration7" name="test_settings_per_role_pricing" time="0.700" /><testcase classname="tests.test_iteration7" name="test_admin_credit_creates_approved_recharge" time="0.813" /><testcase classname="tests.test_iteration7" name="test_retailer_new_pan_charged_role_rate" time="0.490" /><testcase classname="tests.test_iteration7" name="test_profile_update" time="0.190" /><testcase classname="tests.test_iteration7" name="test_acknowledgement_in_review" time="0.466" /><testcase classname="tests.test_iteration7" name="test_admin_cannot_submit_pan" time="0.094" /></testsuite></testsuites>