<?xml version="1.0" encoding="utf-8"?><testsuites name="pytest tests"><testsuite name="pytest" errors="0" failures="0" skipped="0" tests="16" time="30.738" timestamp="2026-06-26T14:22:44.780305+00:00" hostname="agent-env-c0a63b86-8e2e-458a-a5df-c7c38fa94b87"><testcase classname="tests.test_iteration4_bugs.TestRegression" name="test_admin_login_works" time="0.710" /><testcase classname="tests.test_iteration4_bugs.TestRegistrationCreatesPendingUser" name="test_register_distributor_returns_dt_code" time="5.601" /><testcase classname="tests.test_iteration4_bugs.TestRegression" name="test_admin_add_user_creates_active_retailer" time="0.843" /><testcase classname="tests.test_iteration4_bugs.TestRegression" name="test_settings_get_works" time="0.147" /><testcase classname="tests.test_iteration4_bugs.TestRegression" name="test_dashboard_stats_works" time="0.131" /><testcase classname="tests.test_iteration4_bugs.TestUserDetailEndpoint" name="test_user_detail_returns_full_fields" time="4.799" /><testcase classname="tests.test_iteration4_bugs.TestRegistrationCreatesPendingUser" name="test_register_superdistributor_returns_sd_code" time="4.979" /><testcase classname="tests.test_iteration4_bugs.TestUserDetailEndpoint" name="test_user_detail_404" time="0.106" /><testcase classname="tests.test_iteration4_bugs.TestUserDetailEndpoint" name="test_user_detail_requires_auth" time="0.108" /><testcase classname="tests.test_iteration4_bugs.TestApproveRejectFlow" name="test_approve_pending_user_makes_login_work" time="5.976" /><testcase classname="tests.test_iteration4_bugs.TestRegistrationCreatesPendingUser" name="test_register_retailer_returns_rt_code" time="5.120" /><testcase classname="tests.test_iteration4_bugs.TestApproveRejectFlow" name="test_reject_pending_user_sets_rejected_status" time="5.351" /><testcase classname="tests.test_iteration4_bugs.TestRegistrationCreatesPendingUser" name="test_pending_user_cannot_login" time="5.424" /><testcase classname="tests.test_iteration4_bugs.TestApproveRejectFlow" name="test_approve_requires_auth" time="0.106" /><testcase classname="tests.test_iteration4_bugs.TestPanReviewReceiptPath" name="test_pan_review_stores_receipt_path" time="0.834" /><testcase classname="tests.test_iteration4_bugs.TestRegistrationCreatesPendingUser" name="test_duplicate_email_rejected" time="9.104" /></testsuite></testsuites>