<?xml version="1.0" encoding="utf-8"?><testsuites name="pytest tests"><testsuite name="pytest" errors="0" failures="0" skipped="0" tests="6" time="2.343" timestamp="2026-06-27T05:41:02.149765+00:00" hostname="agent-env-c0a63b86-8e2e-458a-a5df-c7c38fa94b87"><testcase classname="tests.test_iteration6.TestAdminRestrictions" name="test_admin_pan_submit_forbidden" time="0.695" /><testcase classname="tests.test_iteration6.TestUpiSettings" name="test_admin_save_and_get_upi" time="1.126" /><testcase classname="tests.test_iteration6.TestAdminRestrictions" name="test_admin_recharge_submit_forbidden" time="0.106" /><testcase classname="tests.test_iteration6.TestRetailerRecharge" name="test_retailer_can_submit_recharge" time="0.423" /><testcase classname="tests.test_iteration6.TestUpiSettings" name="test_retailer_sees_upi_no_secrets" time="0.454" /><testcase classname="tests.test_iteration6.TestCsfSubmit" name="test_retailer_csf_submit" time="0.106" /></testsuite></testsuites>