<?xml version="1.0" encoding="utf-8"?><testsuites name="pytest tests"><testsuite name="pytest" errors="0" failures="0" skipped="0" tests="36" time="7.430" timestamp="2026-06-26T06:37:07.507916+00:00" hostname="agent-env-c0a63b86-8e2e-458a-a5df-c7c38fa94b87"><testcase classname="tests.test_backend_api.TestAuth" name="test_admin_login" time="0.436" /><testcase classname="tests.test_backend_api.TestAuth" name="test_retailer_login" time="0.511" /><testcase classname="tests.test_backend_api.TestUsers" name="test_admin_list_sd" time="0.950" /><testcase classname="tests.test_backend_api.TestAuth" name="test_blocked_user" time="0.567" /><testcase classname="tests.test_backend_api.TestUsers" name="test_sd_sees_downline" time="0.566" /><testcase classname="tests.test_backend_api.TestAuth" name="test_pending_user" time="0.579" /><testcase classname="tests.test_backend_api.TestUsers" name="test_dt_sees_retailers" time="0.577" /><testcase classname="tests.test_backend_api.TestAuth" name="test_invalid_password" time="0.548" /><testcase classname="tests.test_backend_api.TestUsers" name="test_create_user_admin" time="0.548" /><testcase classname="tests.test_backend_api.TestUsers" name="test_create_user_forbidden_role" time="0.321" /><testcase classname="tests.test_backend_api.TestAuth" name="test_me" time="0.415" /><testcase classname="tests.test_backend_api.TestUsers" name="test_toggle_block_and_delete" time="0.785" /><testcase classname="tests.test_backend_api.TestSettings" name="test_admin_full_settings" time="0.609" /><testcase classname="tests.test_backend_api.TestSettings" name="test_non_admin_only_pricing" time="0.136" /><testcase classname="tests.test_backend_api.TestSettings" name="test_update_pricing_and_new_price_debit" time="0.750" /><testcase classname="tests.test_backend_api.TestMeta" name="test_states" time="0.414" /><testcase classname="tests.test_backend_api.TestMeta" name="test_cities" time="0.093" /><testcase classname="tests.test_backend_api.TestMeta" name="test_ao_codes" time="0.092" /><testcase classname="tests.test_backend_api.TestWallet" name="test_recharge_request_and_review" time="0.386" /><testcase classname="tests.test_backend_api.TestSettings" name="test_retailer_cant_update_settings" time="0.128" /><testcase classname="tests.test_backend_api.TestPan" name="test_submit_pan_and_wallet_debit" time="0.341" /><testcase classname="tests.test_backend_api.TestWallet" name="test_admin_lists_all" time="0.111" /><testcase classname="tests.test_backend_api.TestWallet" name="test_retailer_cant_review_recharge" time="0.137" /><testcase classname="tests.test_backend_api.TestRegistration" name="test_send_otp_and_register" time="0.407" /><testcase classname="tests.test_backend_api.TestPan" name="test_admin_review_pan_requires_receipt" time="0.566" /><testcase classname="tests.test_backend_api.TestRegistration" name="test_register_invalid_otp" time="0.215" /><testcase classname="tests.test_backend_api.TestPan" name="test_retailer_cant_review" time="0.093" /><testcase classname="tests.test_backend_api.TestDashboard" name="test_admin_stats" time="0.136" /><testcase classname="tests.test_backend_api.TestRegistrationsReview" name="test_list_registrations" time="0.094" /><testcase classname="tests.test_backend_api.TestDashboard" name="test_retailer_stats" time="0.094" /><testcase classname="tests.test_backend_api.TestRegistrationsReview" name="test_retailer_forbidden" time="0.135" /><testcase classname="tests.test_backend_api.TestAudit" name="test_admin_audit_logs" time="0.096" /><testcase classname="tests.test_backend_api.TestTickets" name="test_create_list_reply_resolve" time="0.823" /><testcase classname="tests.test_backend_api.TestAudit" name="test_retailer_audit_forbidden" time="0.103" /><testcase classname="tests.test_backend_api.TestInsufficient" name="test_insufficient_balance" time="0.798" /><testcase classname="tests.test_backend_api.TestNotifications" name="test_notifications" time="0.100" /></testsuite></testsuites>